d:\visual studio 2013\gutenginedeps\box2d-master\box2d-master\box2d\build\vs2015\obj\debug\box2d\box2d.pdb
d:\visual studio 2013\gutenginedeps\box2d-master\box2d-master\box2d\build\vs2015\obj\debug\box2d\box2d.idb
d:\visual studio 2013\gutenginedeps\box2d-master\box2d-master\box2d\build\vs2015\obj\debug\box2d\b2polygoncontact.obj
d:\visual studio 2013\gutenginedeps\box2d-master\box2d-master\box2d\build\vs2015\obj\debug\box2d\b2distancejoint.obj
d:\visual studio 2013\gutenginedeps\box2d-master\box2d-master\box2d\build\vs2015\obj\debug\box2d\b2frictionjoint.obj
d:\visual studio 2013\gutenginedeps\box2d-master\box2d-master\box2d\build\vs2015\obj\debug\box2d\b2gearjoint.obj
d:\visual studio 2013\gutenginedeps\box2d-master\box2d-master\box2d\build\vs2015\obj\debug\box2d\b2joint.obj
d:\visual studio 2013\gutenginedeps\box2d-master\box2d-master\box2d\build\vs2015\obj\debug\box2d\b2motorjoint.obj
d:\visual studio 2013\gutenginedeps\box2d-master\box2d-master\box2d\build\vs2015\obj\debug\box2d\b2mousejoint.obj
d:\visual studio 2013\gutenginedeps\box2d-master\box2d-master\box2d\build\vs2015\obj\debug\box2d\b2prismaticjoint.obj
d:\visual studio 2013\gutenginedeps\box2d-master\box2d-master\box2d\build\vs2015\obj\debug\box2d\b2pulleyjoint.obj
d:\visual studio 2013\gutenginedeps\box2d-master\box2d-master\box2d\build\vs2015\obj\debug\box2d\b2revolutejoint.obj
d:\visual studio 2013\gutenginedeps\box2d-master\box2d-master\box2d\build\vs2015\obj\debug\box2d\b2ropejoint.obj
d:\visual studio 2013\gutenginedeps\box2d-master\box2d-master\box2d\build\vs2015\obj\debug\box2d\b2weldjoint.obj
d:\visual studio 2013\gutenginedeps\box2d-master\box2d-master\box2d\build\vs2015\obj\debug\box2d\b2wheeljoint.obj
d:\visual studio 2013\gutenginedeps\box2d-master\box2d-master\box2d\build\vs2015\obj\debug\box2d\b2body.obj
d:\visual studio 2013\gutenginedeps\box2d-master\box2d-master\box2d\build\vs2015\obj\debug\box2d\b2contactmanager.obj
d:\visual studio 2013\gutenginedeps\box2d-master\box2d-master\box2d\build\vs2015\obj\debug\box2d\b2fixture.obj
d:\visual studio 2013\gutenginedeps\box2d-master\box2d-master\box2d\build\vs2015\obj\debug\box2d\b2island.obj
d:\visual studio 2013\gutenginedeps\box2d-master\box2d-master\box2d\build\vs2015\obj\debug\box2d\b2world.obj
d:\visual studio 2013\gutenginedeps\box2d-master\box2d-master\box2d\build\vs2015\obj\debug\box2d\b2worldcallbacks.obj
d:\visual studio 2013\gutenginedeps\box2d-master\box2d-master\box2d\build\vs2015\obj\debug\box2d\b2rope.obj
d:\visual studio 2013\gutenginedeps\box2d-master\box2d-master\box2d\build\vs2015\obj\debug\box2d\b2collideedge.obj
d:\visual studio 2013\gutenginedeps\box2d-master\box2d-master\box2d\build\vs2015\obj\debug\box2d\b2collidepolygon.obj
d:\visual studio 2013\gutenginedeps\box2d-master\box2d-master\box2d\build\vs2015\obj\debug\box2d\b2collision.obj
d:\visual studio 2013\gutenginedeps\box2d-master\box2d-master\box2d\build\vs2015\obj\debug\box2d\b2distance.obj
d:\visual studio 2013\gutenginedeps\box2d-master\box2d-master\box2d\build\vs2015\obj\debug\box2d\b2dynamictree.obj
d:\visual studio 2013\gutenginedeps\box2d-master\box2d-master\box2d\build\vs2015\obj\debug\box2d\b2timeofimpact.obj
d:\visual studio 2013\gutenginedeps\box2d-master\box2d-master\box2d\build\vs2015\obj\debug\box2d\b2blockallocator.obj
d:\visual studio 2013\gutenginedeps\box2d-master\box2d-master\box2d\build\vs2015\obj\debug\box2d\b2draw.obj
d:\visual studio 2013\gutenginedeps\box2d-master\box2d-master\box2d\build\vs2015\obj\debug\box2d\b2math.obj
d:\visual studio 2013\gutenginedeps\box2d-master\box2d-master\box2d\build\vs2015\obj\debug\box2d\b2settings.obj
d:\visual studio 2013\gutenginedeps\box2d-master\box2d-master\box2d\build\vs2015\obj\debug\box2d\b2stackallocator.obj
d:\visual studio 2013\gutenginedeps\box2d-master\box2d-master\box2d\build\vs2015\obj\debug\box2d\b2timer.obj
d:\visual studio 2013\gutenginedeps\box2d-master\box2d-master\box2d\build\vs2015\obj\debug\box2d\b2chainandcirclecontact.obj
d:\visual studio 2013\gutenginedeps\box2d-master\box2d-master\box2d\build\vs2015\obj\debug\box2d\b2chainandpolygoncontact.obj
d:\visual studio 2013\gutenginedeps\box2d-master\box2d-master\box2d\build\vs2015\obj\debug\box2d\b2circlecontact.obj
d:\visual studio 2013\gutenginedeps\box2d-master\box2d-master\box2d\build\vs2015\obj\debug\box2d\b2contact.obj
d:\visual studio 2013\gutenginedeps\box2d-master\box2d-master\box2d\build\vs2015\obj\debug\box2d\b2contactsolver.obj
d:\visual studio 2013\gutenginedeps\box2d-master\box2d-master\box2d\build\vs2015\obj\debug\box2d\b2edgeandcirclecontact.obj
d:\visual studio 2013\gutenginedeps\box2d-master\box2d-master\box2d\build\vs2015\obj\debug\box2d\b2edgeandpolygoncontact.obj
d:\visual studio 2013\gutenginedeps\box2d-master\box2d-master\box2d\build\vs2015\obj\debug\box2d\b2polygonandcirclecontact.obj
d:\visual studio 2013\gutenginedeps\box2d-master\box2d-master\box2d\build\vs2015\obj\debug\box2d\b2chainshape.obj
d:\visual studio 2013\gutenginedeps\box2d-master\box2d-master\box2d\build\vs2015\obj\debug\box2d\b2circleshape.obj
d:\visual studio 2013\gutenginedeps\box2d-master\box2d-master\box2d\build\vs2015\obj\debug\box2d\b2edgeshape.obj
d:\visual studio 2013\gutenginedeps\box2d-master\box2d-master\box2d\build\vs2015\obj\debug\box2d\b2polygonshape.obj
d:\visual studio 2013\gutenginedeps\box2d-master\box2d-master\box2d\build\vs2015\obj\debug\box2d\b2broadphase.obj
d:\visual studio 2013\gutenginedeps\box2d-master\box2d-master\box2d\build\vs2015\obj\debug\box2d\b2collidecircle.obj
d:\visual studio 2013\gutenginedeps\box2d-master\box2d-master\box2d\build\vs2015\bin\debug\box2d.lib
d:\visual studio 2013\gutenginedeps\box2d-master\box2d-master\box2d\build\vs2015\obj\debug\box2d\box2d.tlog\cl.command.1.tlog
d:\visual studio 2013\gutenginedeps\box2d-master\box2d-master\box2d\build\vs2015\obj\debug\box2d\box2d.tlog\cl.read.1.tlog
d:\visual studio 2013\gutenginedeps\box2d-master\box2d-master\box2d\build\vs2015\obj\debug\box2d\box2d.tlog\cl.write.1.tlog
d:\visual studio 2013\gutenginedeps\box2d-master\box2d-master\box2d\build\vs2015\obj\debug\box2d\box2d.tlog\lib-link.read.1.tlog
d:\visual studio 2013\gutenginedeps\box2d-master\box2d-master\box2d\build\vs2015\obj\debug\box2d\box2d.tlog\lib-link.write.1.tlog
d:\visual studio 2013\gutenginedeps\box2d-master\box2d-master\box2d\build\vs2015\obj\debug\box2d\box2d.tlog\lib.command.1.tlog
