d:\visual studio 2013\gutenginedeps\box2d-master\box2d-master\box2d\build\vs2015\debug\box2d.pdb
d:\visual studio 2013\gutenginedeps\box2d-master\box2d-master\box2d\build\vs2015\debug\box2d.idb
d:\visual studio 2013\gutenginedeps\box2d-master\box2d-master\box2d\build\vs2015\debug\b2polygoncontact.obj
d:\visual studio 2013\gutenginedeps\box2d-master\box2d-master\box2d\build\vs2015\debug\b2distancejoint.obj
d:\visual studio 2013\gutenginedeps\box2d-master\box2d-master\box2d\build\vs2015\debug\b2frictionjoint.obj
d:\visual studio 2013\gutenginedeps\box2d-master\box2d-master\box2d\build\vs2015\debug\b2gearjoint.obj
d:\visual studio 2013\gutenginedeps\box2d-master\box2d-master\box2d\build\vs2015\debug\b2joint.obj
d:\visual studio 2013\gutenginedeps\box2d-master\box2d-master\box2d\build\vs2015\debug\b2motorjoint.obj
d:\visual studio 2013\gutenginedeps\box2d-master\box2d-master\box2d\build\vs2015\debug\b2mousejoint.obj
d:\visual studio 2013\gutenginedeps\box2d-master\box2d-master\box2d\build\vs2015\debug\b2prismaticjoint.obj
d:\visual studio 2013\gutenginedeps\box2d-master\box2d-master\box2d\build\vs2015\debug\b2pulleyjoint.obj
d:\visual studio 2013\gutenginedeps\box2d-master\box2d-master\box2d\build\vs2015\debug\b2revolutejoint.obj
d:\visual studio 2013\gutenginedeps\box2d-master\box2d-master\box2d\build\vs2015\debug\b2ropejoint.obj
d:\visual studio 2013\gutenginedeps\box2d-master\box2d-master\box2d\build\vs2015\debug\b2weldjoint.obj
d:\visual studio 2013\gutenginedeps\box2d-master\box2d-master\box2d\build\vs2015\debug\b2wheeljoint.obj
d:\visual studio 2013\gutenginedeps\box2d-master\box2d-master\box2d\build\vs2015\debug\b2body.obj
d:\visual studio 2013\gutenginedeps\box2d-master\box2d-master\box2d\build\vs2015\debug\b2contactmanager.obj
d:\visual studio 2013\gutenginedeps\box2d-master\box2d-master\box2d\build\vs2015\debug\b2fixture.obj
d:\visual studio 2013\gutenginedeps\box2d-master\box2d-master\box2d\build\vs2015\debug\b2island.obj
d:\visual studio 2013\gutenginedeps\box2d-master\box2d-master\box2d\build\vs2015\debug\b2world.obj
d:\visual studio 2013\gutenginedeps\box2d-master\box2d-master\box2d\build\vs2015\debug\b2worldcallbacks.obj
d:\visual studio 2013\gutenginedeps\box2d-master\box2d-master\box2d\build\vs2015\debug\b2rope.obj
d:\visual studio 2013\gutenginedeps\box2d-master\box2d-master\box2d\build\vs2015\debug\b2collideedge.obj
d:\visual studio 2013\gutenginedeps\box2d-master\box2d-master\box2d\build\vs2015\debug\b2collidepolygon.obj
d:\visual studio 2013\gutenginedeps\box2d-master\box2d-master\box2d\build\vs2015\debug\b2collision.obj
d:\visual studio 2013\gutenginedeps\box2d-master\box2d-master\box2d\build\vs2015\debug\b2distance.obj
d:\visual studio 2013\gutenginedeps\box2d-master\box2d-master\box2d\build\vs2015\debug\b2dynamictree.obj
d:\visual studio 2013\gutenginedeps\box2d-master\box2d-master\box2d\build\vs2015\debug\b2timeofimpact.obj
d:\visual studio 2013\gutenginedeps\box2d-master\box2d-master\box2d\build\vs2015\debug\b2blockallocator.obj
d:\visual studio 2013\gutenginedeps\box2d-master\box2d-master\box2d\build\vs2015\debug\b2draw.obj
d:\visual studio 2013\gutenginedeps\box2d-master\box2d-master\box2d\build\vs2015\debug\b2math.obj
d:\visual studio 2013\gutenginedeps\box2d-master\box2d-master\box2d\build\vs2015\debug\b2settings.obj
d:\visual studio 2013\gutenginedeps\box2d-master\box2d-master\box2d\build\vs2015\debug\b2stackallocator.obj
d:\visual studio 2013\gutenginedeps\box2d-master\box2d-master\box2d\build\vs2015\debug\b2timer.obj
d:\visual studio 2013\gutenginedeps\box2d-master\box2d-master\box2d\build\vs2015\debug\b2chainandcirclecontact.obj
d:\visual studio 2013\gutenginedeps\box2d-master\box2d-master\box2d\build\vs2015\debug\b2chainandpolygoncontact.obj
d:\visual studio 2013\gutenginedeps\box2d-master\box2d-master\box2d\build\vs2015\debug\b2circlecontact.obj
d:\visual studio 2013\gutenginedeps\box2d-master\box2d-master\box2d\build\vs2015\debug\b2contact.obj
d:\visual studio 2013\gutenginedeps\box2d-master\box2d-master\box2d\build\vs2015\debug\b2contactsolver.obj
d:\visual studio 2013\gutenginedeps\box2d-master\box2d-master\box2d\build\vs2015\debug\b2edgeandcirclecontact.obj
d:\visual studio 2013\gutenginedeps\box2d-master\box2d-master\box2d\build\vs2015\debug\b2edgeandpolygoncontact.obj
d:\visual studio 2013\gutenginedeps\box2d-master\box2d-master\box2d\build\vs2015\debug\b2polygonandcirclecontact.obj
d:\visual studio 2013\gutenginedeps\box2d-master\box2d-master\box2d\build\vs2015\debug\b2chainshape.obj
d:\visual studio 2013\gutenginedeps\box2d-master\box2d-master\box2d\build\vs2015\debug\b2circleshape.obj
d:\visual studio 2013\gutenginedeps\box2d-master\box2d-master\box2d\build\vs2015\debug\b2edgeshape.obj
d:\visual studio 2013\gutenginedeps\box2d-master\box2d-master\box2d\build\vs2015\debug\b2polygonshape.obj
d:\visual studio 2013\gutenginedeps\box2d-master\box2d-master\box2d\build\vs2015\debug\b2broadphase.obj
d:\visual studio 2013\gutenginedeps\box2d-master\box2d-master\box2d\build\vs2015\debug\b2collidecircle.obj
d:\visual studio 2013\gutenginedeps\box2d-master\box2d-master\box2d\build\vs2015\debug\box2d.lib
d:\visual studio 2013\gutenginedeps\box2d-master\box2d-master\box2d\build\vs2015\debug\helloworld.vcxprojresolveassemblyreference.cache
d:\visual studio 2013\gutenginedeps\box2d-master\box2d-master\box2d\build\vs2015\debug\testbed.vcxprojresolveassemblyreference.cache
d:\visual studio 2013\gutenginedeps\box2d-master\box2d-master\box2d\build\vs2015\debug\box2d.tlog\cl.command.1.tlog
d:\visual studio 2013\gutenginedeps\box2d-master\box2d-master\box2d\build\vs2015\debug\box2d.tlog\cl.read.1.tlog
d:\visual studio 2013\gutenginedeps\box2d-master\box2d-master\box2d\build\vs2015\debug\box2d.tlog\cl.write.1.tlog
d:\visual studio 2013\gutenginedeps\box2d-master\box2d-master\box2d\build\vs2015\debug\box2d.tlog\lib-link.read.1.tlog
d:\visual studio 2013\gutenginedeps\box2d-master\box2d-master\box2d\build\vs2015\debug\box2d.tlog\lib-link.write.1.tlog
d:\visual studio 2013\gutenginedeps\box2d-master\box2d-master\box2d\build\vs2015\debug\box2d.tlog\lib.command.1.tlog
